<?xml version="1.0" encoding="UTF-8"?>
<!-- Generated by org.testng.reporters.JUnitReportReporter -->
<testsuite hostname="TYSS-Anurag-Anand" failures="0" tests="1" name="com.shoppersstack.testscripts.NavigateToLoginPage" time="0.009" errors="0" timestamp="2024-03-05T14:52:40 IST" skipped="0">
  <testcase classname="com.shoppersstack.testscripts.NavigateToLoginPage" name="launch" time="0.009">
    <system-out>
      <![CDATA[abc]]>
    </system-out>
  </testcase> <!-- launch -->
  <system-out>
    <![CDATA[abc]]>
  </system-out>
</testsuite> <!-- com.shoppersstack.testscripts.NavigateToLoginPage -->
