<?xml version="1.0" encoding="UTF-8"?>
<!-- Generated by org.testng.reporters.JUnitReportReporter -->
<testsuite hostname="TYSS-Anurag-Anand" failures="0" tests="3" name="com.shoppersstack.testscripts.NavigateToWelcomePage" time="13.081" errors="0" timestamp="2024-03-05T12:28:42 IST" skipped="0">
  <testcase classname="com.shoppersstack.testscripts.NavigateToWelcomePage" name="openBrowser" time="8.336"/>
  <testcase classname="com.shoppersstack.testscripts.NavigateToWelcomePage" name="navigateToUrl" time="4.737"/>
  <testcase classname="com.shoppersstack.testscripts.NavigateToWelcomePage" name="verifyPageTitle" time="0.008">
    <system-out>
      <![CDATA[ShoppersStack]]>
    </system-out>
  </testcase> <!-- verifyPageTitle -->
  <system-out>
    <![CDATA[ShoppersStack]]>
  </system-out>
</testsuite> <!-- com.shoppersstack.testscripts.NavigateToWelcomePage -->
