<?xml version="1.0" encoding="UTF-8"?>
<!-- Generated by org.testng.reporters.JUnitReportReporter -->
<testsuite hostname="FFE-Vignesh-Balaji" failures="0" tests="1" name="com.shoppersstack.testscripts.NavigateToLoginPage" time="0.008" errors="0" timestamp="2024-03-05T15:18:07 IST" skipped="0">
  <testcase classname="com.shoppersstack.testscripts.NavigateToLoginPage" name="launch" time="0.008">
    <system-out>
      <![CDATA[abc]]>
    </system-out>
  </testcase> <!-- launch -->
  <system-out>
    <![CDATA[abc]]>
  </system-out>
</testsuite> <!-- com.shoppersstack.testscripts.NavigateToLoginPage -->
